Using pre-set license
Built from '2022.3/staging' branch; Version is '2022.3.8f1 (b5eafc012955) revision 11922172'; Using compiler version '192829333'; Build Type 'Release'
OS: 'Windows 10  (10.0.19045) 64bit Professional' Language: 'en' Physical Memory: 32559 MB
BatchMode: 1, IsHumanControllingUs: 0, StartBugReporterOnCrash: 0, Is64bit: 1, IsPro: 1

COMMAND LINE ARGUMENTS:
C:\Program Files\Unity\Hub\Editor\2022.3.8f1\Editor\Unity.exe
-adb2
-batchMode
-noUpm
-name
AssetImportWorker0
-projectPath
C:/Users/ines_/Documents/GameProjects/psxHorrorGame
-logFile
Logs/AssetImportWorker0.log
-srvPort
1789
Successfully changed project path to: C:/Users/ines_/Documents/GameProjects/psxHorrorGame
C:/Users/ines_/Documents/GameProjects/psxHorrorGame
[UnityMemory] Configuration Parameters - Can be set up in boot.config
    "memorysetup-bucket-allocator-granularity=16"
    "memorysetup-bucket-allocator-bucket-count=8"
    "memorysetup-bucket-allocator-block-size=33554432"
    "memorysetup-bucket-allocator-block-count=8"
    "memorysetup-main-allocator-block-size=16777216"
    "memorysetup-thread-allocator-block-size=16777216"
    "memorysetup-gfx-main-allocator-block-size=16777216"
    "memorysetup-gfx-thread-allocator-block-size=16777216"
    "memorysetup-cache-allocator-block-size=4194304"
    "memorysetup-typetree-allocator-block-size=2097152"
    "memorysetup-profiler-bucket-allocator-granularity=16"
    "memorysetup-profiler-bucket-allocator-bucket-count=8"
    "memorysetup-profiler-bucket-allocator-block-size=33554432"
    "memorysetup-profiler-bucket-allocator-block-count=8"
    "memorysetup-profiler-allocator-block-size=16777216"
    "memorysetup-profiler-editor-allocator-block-size=1048576"
    "memorysetup-temp-allocator-size-main=16777216"
    "memorysetup-job-temp-allocator-block-size=2097152"
    "memorysetup-job-temp-allocator-block-size-background=1048576"
    "memorysetup-job-temp-allocator-reduction-small-platforms=262144"
    "memorysetup-allocator-temp-initial-block-size-main=262144"
    "memorysetup-allocator-temp-initial-block-size-worker=262144"
    "memorysetup-temp-allocator-size-background-worker=32768"
    "memorysetup-temp-allocator-size-job-worker=262144"
    "memorysetup-temp-allocator-size-preload-manager=33554432"
    "memorysetup-temp-allocator-size-nav-mesh-worker=65536"
    "memorysetup-temp-allocator-size-audio-worker=65536"
    "memorysetup-temp-allocator-size-cloud-worker=32768"
    "memorysetup-temp-allocator-size-gi-baking-worker=262144"
    "memorysetup-temp-allocator-size-gfx=262144"
Player connection [6280] Host "[IP] 192.168.1.105 [Port] 0 [Flags] 2 [Guid] 1242203594 [EditorId] 1242203594 [Version] 1048832 [Id] WindowsEditor(7,DESKTOP-PDIT3K2) [Debug] 1 [PackageName] WindowsEditor [ProjectName] Editor" joined multi-casting on [225.0.0.222:54997]...

Player connection [6280] Host "[IP] 192.168.1.105 [Port] 0 [Flags] 2 [Guid] 1242203594 [EditorId] 1242203594 [Version] 1048832 [Id] WindowsEditor(7,DESKTOP-PDIT3K2) [Debug] 1 [PackageName] WindowsEditor [ProjectName] Editor" joined alternative multi-casting on [225.0.0.222:34997]...

[Physics::Module] Initialized MultithreadedJobDispatcher with 19 workers.
Refreshing native plugins compatible for Editor in 8.81 ms, found 3 plugins.
Preloading 0 native plugins for Editor in 0.00 ms.
Initialize engine version: 2022.3.8f1 (b5eafc012955)
[Subsystems] Discovering subsystems at path C:/Program Files/Unity/Hub/Editor/2022.3.8f1/Editor/Data/Resources/UnitySubsystems
[Subsystems] Discovering subsystems at path C:/Users/ines_/Documents/GameProjects/psxHorrorGame/Assets
GfxDevice: creating device client; threaded=0; jobified=0
Direct3D:
    Version:  Direct3D 11.0 [level 11.1]
    Renderer: NVIDIA GeForce RTX 3070 (ID=0x2484)
    Vendor:   NVIDIA
    VRAM:     8032 MB
    Driver:   31.0.15.4617
Initialize mono
Mono path[0] = 'C:/Program Files/Unity/Hub/Editor/2022.3.8f1/Editor/Data/Managed'
Mono path[1] = 'C:/Program Files/Unity/Hub/Editor/2022.3.8f1/Editor/Data/MonoBleedingEdge/lib/mono/unityjit-win32'
Mono config path = 'C:/Program Files/Unity/Hub/Editor/2022.3.8f1/Editor/Data/MonoBleedingEdge/etc'
Using monoOptions --debugger-agent=transport=dt_socket,embedding=1,server=y,suspend=n,address=127.0.0.1:56700
Begin MonoManager ReloadAssembly
Registering precompiled unity dll's ...
Register platform support module: C:/Program Files/Unity/Hub/Editor/2022.3.8f1/Editor/Data/PlaybackEngines/WebGLSupport/UnityEditor.WebGL.Extensions.dll
Register platform support module: C:/Program Files/Unity/Hub/Editor/2022.3.8f1/Editor/Data/PlaybackEngines/WindowsStandaloneSupport/UnityEditor.WindowsStandalone.Extensions.dll
Registered in 0.015359 seconds.
- Loaded All Assemblies, in  0.405 seconds
Native extension for WindowsStandalone target not found
Native extension for WebGL target not found
Mono: successfully reloaded assembly
- Finished resetting the current domain, in  0.284 seconds
Domain Reload Profiling: 686ms
	BeginReloadAssembly (123ms)
		ExecutionOrderSort (0ms)
		DisableScriptedObjects (0ms)
		BackupInstance (0ms)
		ReleaseScriptingObjects (0ms)
		CreateAndSetChildDomain (1ms)
	RebuildCommonClasses (37ms)
	RebuildNativeTypeToScriptingClass (12ms)
	initialDomainReloadingComplete (77ms)
	LoadAllAssembliesAndSetupDomain (152ms)
		LoadAssemblies (120ms)
		RebuildTransferFunctionScriptingTraits (0ms)
		AnalyzeDomain (149ms)
			TypeCache.Refresh (148ms)
				TypeCache.ScanAssembly (134ms)
			ScanForSourceGeneratedMonoScriptInfo (0ms)
			ResolveRequiredComponents (0ms)
	FinalizeReload (285ms)
		ReleaseScriptCaches (0ms)
		RebuildScriptCaches (0ms)
		SetupLoadedEditorAssemblies (219ms)
			LogAssemblyErrors (0ms)
			InitializePlatformSupportModulesInManaged (13ms)
			SetLoadedEditorAssemblies (6ms)
			RefreshPlugins (0ms)
			BeforeProcessingInitializeOnLoad (3ms)
			ProcessInitializeOnLoadAttributes (143ms)
			ProcessInitializeOnLoadMethodAttributes (55ms)
			AfterProcessingInitializeOnLoad (0ms)
			EditorAssembliesLoaded (0ms)
		ExecutionOrderSort2 (0ms)
		AwakeInstancesAfterBackupRestoration (0ms)
========================================================================
Worker process is ready to serve import requests
Begin MonoManager ReloadAssembly
- Loaded All Assemblies, in  0.675 seconds
Refreshing native plugins compatible for Editor in 4.06 ms, found 3 plugins.
Native extension for WindowsStandalone target not found
Native extension for WebGL target not found
Package Manager log level set to [2]
[Package Manager] Server::EnsureServerProcessIsRunning -- launch failed, reason: Unity was launched with the -noUpm command-line argument
[Package Manager] UpmClient::Send -- Unable to send message (not connected to UPM process).
[Package Manager] Cannot connect to Unity Package Manager local server
Mono: successfully reloaded assembly
- Finished resetting the current domain, in  0.775 seconds
Domain Reload Profiling: 1458ms
	BeginReloadAssembly (162ms)
		ExecutionOrderSort (0ms)
		DisableScriptedObjects (6ms)
		BackupInstance (0ms)
		ReleaseScriptingObjects (0ms)
		CreateAndSetChildDomain (19ms)
	RebuildCommonClasses (38ms)
	RebuildNativeTypeToScriptingClass (12ms)
	initialDomainReloadingComplete (53ms)
	LoadAllAssembliesAndSetupDomain (405ms)
		LoadAssemblies (319ms)
		RebuildTransferFunctionScriptingTraits (0ms)
		AnalyzeDomain (183ms)
			TypeCache.Refresh (162ms)
				TypeCache.ScanAssembly (148ms)
			ScanForSourceGeneratedMonoScriptInfo (16ms)
			ResolveRequiredComponents (4ms)
	FinalizeReload (787ms)
		ReleaseScriptCaches (0ms)
		RebuildScriptCaches (0ms)
		SetupLoadedEditorAssemblies (570ms)
			LogAssemblyErrors (0ms)
			InitializePlatformSupportModulesInManaged (10ms)
			SetLoadedEditorAssemblies (5ms)
			RefreshPlugins (0ms)
			BeforeProcessingInitializeOnLoad (74ms)
			ProcessInitializeOnLoadAttributes (436ms)
			ProcessInitializeOnLoadMethodAttributes (32ms)
			AfterProcessingInitializeOnLoad (13ms)
			EditorAssembliesLoaded (0ms)
		ExecutionOrderSort2 (0ms)
		AwakeInstancesAfterBackupRestoration (17ms)
Launched and connected shader compiler UnityShaderCompiler.exe after 0.06 seconds
Refreshing native plugins compatible for Editor in 2.10 ms, found 3 plugins.
Preloading 0 native plugins for Editor in 0.00 ms.
Unloading 3082 Unused Serialized files (Serialized files now loaded: 0)
Unloading 31 unused Assets / (56.4 KB). Loaded Objects now: 3547.
Memory consumption went from 116.4 MB to 116.4 MB.
Total: 2.085300 ms (FindLiveObjects: 0.159600 ms CreateObjectMapping: 0.063700 ms MarkObjects: 1.784500 ms  DeleteObjects: 0.076400 ms)

AssetImportParameters requested are different than current active one (requested -> active):
  custom:container-demuxer-ogg: 62fdf1f143b41e24485cea50d1cbac27 -> 
  custom:video-decoder-ogg-theora: a1e56fd34408186e4bbccfd4996cb3dc -> 
  custom:framework-win-MediaFoundation: 216162199b28c13a410421893ffa2e32 -> 
  custom:CustomObjectIndexerAttribute: 756ad292c208cfabdd7b50bc23989ffe -> 
  custom:container-demuxer-webm: 4f35f7cbe854078d1ac9338744f61a02 -> 
  custom:container-muxer-webm: aa71ff27fc2769a1b78a27578f13a17b -> 
  custom:video-decoder-webm-vp8: 9c59270c3fd7afecdb556c50c9e8de78 -> 
  custom:SearchIndexIgnoredProperties: e643bd26f0fe6173181afceb89e7c659 -> 
  custom:AudioImporter_EditorPlatform: d09bf68614088b80899f8185d706f6e7 -> 
  custom:video-encoder-webm-vp8: eb34c28f22e8b96e1ab97ce403110664 -> 
  custom:audio-decoder-ogg-vorbis: bf7c407c2cedff20999df2af8eb42d56 -> 
  custom:audio-encoder-webm-vorbis: bf7c407c2cedff20999df2af8eb42d56 -> 
========================================================================
Received Import Request.
  Time since last request: 3216.556971 seconds.
  path: Assets/Polygonal Particles/Assets/Prefabs
  artifactKey: Guid(0d252ab72314b3044b118b9fd9856b0c) Importer(815301076,1909f56bfc062723c751e8b465ee728b)
Start importing Assets/Polygonal Particles/Assets/Prefabs using Guid(0d252ab72314b3044b118b9fd9856b0c) Importer(815301076,1909f56bfc062723c751e8b465ee728b)  -> (artifact id: 'd208bdc2d99905cdad1ce0a1bb2aae83') in 0.001902 seconds
Number of updated asset objects reloaded before import = 0
Number of asset objects unloaded after import = 0
========================================================================
Received Import Request.
  Time since last request: 0.000019 seconds.
  path: Assets/Polygonal Particles/Assets/Prefabs/Explosions/PuffLarge.prefab
  artifactKey: Guid(045d5fbbf8161ea478959fe3c8e41207) Importer(815301076,1909f56bfc062723c751e8b465ee728b)
Start importing Assets/Polygonal Particles/Assets/Prefabs/Explosions/PuffLarge.prefab using Guid(045d5fbbf8161ea478959fe3c8e41207) Importer(815301076,1909f56bfc062723c751e8b465ee728b)  -> (artifact id: '76d74c27b1fe2f6c77cba789dba6dc44') in 0.109327 seconds
Number of updated asset objects reloaded before import = 0
Number of asset objects unloaded after import = 12
========================================================================
Received Import Request.
  Time since last request: 0.000016 seconds.
  path: Assets/Polygonal Particles/Assets/Prefabs/Explosions/Explosion01_Mobile.prefab
  artifactKey: Guid(d786e2d05a34bf741b1bd7fd569828cd) Importer(815301076,1909f56bfc062723c751e8b465ee728b)
Start importing Assets/Polygonal Particles/Assets/Prefabs/Explosions/Explosion01_Mobile.prefab using Guid(d786e2d05a34bf741b1bd7fd569828cd) Importer(815301076,1909f56bfc062723c751e8b465ee728b)  -> (artifact id: '5948422aa1c6f9caa9761cd8f5549c30') in 0.032544 seconds
Number of updated asset objects reloaded before import = 0
Number of asset objects unloaded after import = 11
========================================================================
Received Import Request.
  Time since last request: 0.000011 seconds.
  path: Assets/Polygonal Particles/Assets/Prefabs/Explosions/Explosion02_Mobile.prefab
  artifactKey: Guid(fba3984b4d1739047b5b3e699ebda36a) Importer(815301076,1909f56bfc062723c751e8b465ee728b)
Start importing Assets/Polygonal Particles/Assets/Prefabs/Explosions/Explosion02_Mobile.prefab using Guid(fba3984b4d1739047b5b3e699ebda36a) Importer(815301076,1909f56bfc062723c751e8b465ee728b)  -> (artifact id: 'c14377671b34b4bcc1851920e0c6b36f') in 0.019077 seconds
Number of updated asset objects reloaded before import = 0
Number of asset objects unloaded after import = 12
========================================================================
Received Import Request.
  Time since last request: 0.000018 seconds.
  path: Assets/Polygonal Particles/Assets
  artifactKey: Guid(b2dfb8c50e48176439b23af916baa728) Importer(815301076,1909f56bfc062723c751e8b465ee728b)
Start importing Assets/Polygonal Particles/Assets using Guid(b2dfb8c50e48176439b23af916baa728) Importer(815301076,1909f56bfc062723c751e8b465ee728b)  -> (artifact id: 'dc07f9ada9f5d7090ff2dcbda3d1ebf9') in 0.000599 seconds
Number of updated asset objects reloaded before import = 0
Number of asset objects unloaded after import = 0
========================================================================
Received Import Request.
  Time since last request: 0.000013 seconds.
  path: Assets/Polygonal Particles/Assets/Prefabs/Explosions/Puff_Mobile.prefab
  artifactKey: Guid(a12791d0a94e4c140ac99bd147d6518e) Importer(815301076,1909f56bfc062723c751e8b465ee728b)
Start importing Assets/Polygonal Particles/Assets/Prefabs/Explosions/Puff_Mobile.prefab using Guid(a12791d0a94e4c140ac99bd147d6518e) Importer(815301076,1909f56bfc062723c751e8b465ee728b)  -> (artifact id: 'aedd986e44165270344ff2a88fc35101') in 0.042663 seconds
Number of updated asset objects reloaded before import = 0
Number of asset objects unloaded after import = 12
========================================================================
Received Import Request.
  Time since last request: 0.000017 seconds.
  path: Assets/Polygonal Particles/Assets/Prefabs/Explosions/Explosion01.prefab
  artifactKey: Guid(b3d8264aa7d2d824a8a503e45291ddf4) Importer(815301076,1909f56bfc062723c751e8b465ee728b)
Start importing Assets/Polygonal Particles/Assets/Prefabs/Explosions/Explosion01.prefab using Guid(b3d8264aa7d2d824a8a503e45291ddf4) Importer(815301076,1909f56bfc062723c751e8b465ee728b)  -> (artifact id: 'e77dbd44e08209301e1b29cdb73901d4') in 0.025288 seconds
Number of updated asset objects reloaded before import = 0
Number of asset objects unloaded after import = 11
========================================================================
Received Import Request.
  Time since last request: 0.000025 seconds.
  path: Assets/Polygonal Particles/Assets/Prefabs/Explosions/Explosion02.prefab
  artifactKey: Guid(2dc5347a44240ea4597cafb2d1d7c160) Importer(815301076,1909f56bfc062723c751e8b465ee728b)
Start importing Assets/Polygonal Particles/Assets/Prefabs/Explosions/Explosion02.prefab using Guid(2dc5347a44240ea4597cafb2d1d7c160) Importer(815301076,1909f56bfc062723c751e8b465ee728b)  -> (artifact id: '9fcd4ddb5be51358ac9528e41f648ed4') in 0.023264 seconds
Number of updated asset objects reloaded before import = 0
Number of asset objects unloaded after import = 12
========================================================================
Received Import Request.
  Time since last request: 0.000025 seconds.
  path: Assets/Polygonal Particles/Assets/Prefabs/Explosions/Puff_HighPerformance.prefab
  artifactKey: Guid(250e86a7819757142b6510e936ec4abf) Importer(815301076,1909f56bfc062723c751e8b465ee728b)
Start importing Assets/Polygonal Particles/Assets/Prefabs/Explosions/Puff_HighPerformance.prefab using Guid(250e86a7819757142b6510e936ec4abf) Importer(815301076,1909f56bfc062723c751e8b465ee728b)  -> (artifact id: 'f958420181738ff39c23e86e85080300') in 0.028687 seconds
Number of updated asset objects reloaded before import = 0
Number of asset objects unloaded after import = 12
========================================================================
Received Import Request.
  Time since last request: 1.132434 seconds.
  path: Assets/Polygonal Particles/Assets/Materials/ExplosionMobile.mat
  artifactKey: Guid(92db4b45010a56146b66aa6ba3b712d3) Importer(815301076,1909f56bfc062723c751e8b465ee728b)
Start importing Assets/Polygonal Particles/Assets/Materials/ExplosionMobile.mat using Guid(92db4b45010a56146b66aa6ba3b712d3) Importer(815301076,1909f56bfc062723c751e8b465ee728b)  -> (artifact id: 'dd867e15e9e6db4498308f7e5576197e') in 0.036606 seconds
Number of updated asset objects reloaded before import = 0
Number of asset objects unloaded after import = 1
========================================================================
Received Import Request.
  Time since last request: 13.858590 seconds.
  path: Assets/Polygonal Particles/Assets/Prefabs/Environment/Blizzard_Mobile.prefab
  artifactKey: Guid(9eb5d4f78bb4e8f44859e23308f70361) Importer(815301076,1909f56bfc062723c751e8b465ee728b)
Start importing Assets/Polygonal Particles/Assets/Prefabs/Environment/Blizzard_Mobile.prefab using Guid(9eb5d4f78bb4e8f44859e23308f70361) Importer(815301076,1909f56bfc062723c751e8b465ee728b)  -> (artifact id: 'ae88b75c8e90bb2412396572ff4c0ba2') in 0.016389 seconds
Number of updated asset objects reloaded before import = 0
Number of asset objects unloaded after import = 12
========================================================================
Received Import Request.
  Time since last request: 0.000016 seconds.
  path: Assets/Polygonal Particles/Assets/Prefabs/Environment/Leaves_HighPerformance.prefab
  artifactKey: Guid(33d0ed8d089e88a489a67749141cd21e) Importer(815301076,1909f56bfc062723c751e8b465ee728b)
Start importing Assets/Polygonal Particles/Assets/Prefabs/Environment/Leaves_HighPerformance.prefab using Guid(33d0ed8d089e88a489a67749141cd21e) Importer(815301076,1909f56bfc062723c751e8b465ee728b)  -> (artifact id: '6aa28370df3e488cc182fc0749926772') in 0.020573 seconds
Number of updated asset objects reloaded before import = 0
Number of asset objects unloaded after import = 8
========================================================================
Received Import Request.
  Time since last request: 0.000017 seconds.
  path: Assets/Polygonal Particles/Assets/Prefabs/Environment/Fireflies.prefab
  artifactKey: Guid(bfd029cf92085ea4a9842fae64ef7799) Importer(815301076,1909f56bfc062723c751e8b465ee728b)
Start importing Assets/Polygonal Particles/Assets/Prefabs/Environment/Fireflies.prefab using Guid(bfd029cf92085ea4a9842fae64ef7799) Importer(815301076,1909f56bfc062723c751e8b465ee728b)  -> (artifact id: '0bddaec9c9a142b657d90291578574d7') in 0.043772 seconds
Number of updated asset objects reloaded before import = 0
Number of asset objects unloaded after import = 8
========================================================================
Received Import Request.
  Time since last request: 0.000018 seconds.
  path: Assets/Polygonal Particles/Assets/Prefabs/Environment/RadiationCloud_Mobile.prefab
  artifactKey: Guid(042f756de00cb5b4db4d23471365bf39) Importer(815301076,1909f56bfc062723c751e8b465ee728b)
Start importing Assets/Polygonal Particles/Assets/Prefabs/Environment/RadiationCloud_Mobile.prefab using Guid(042f756de00cb5b4db4d23471365bf39) Importer(815301076,1909f56bfc062723c751e8b465ee728b)  -> (artifact id: '177eb65278166425c773254dd32b227b') in 0.017958 seconds
Number of updated asset objects reloaded before import = 0
Number of asset objects unloaded after import = 12
========================================================================
Received Import Request.
  Time since last request: 0.000020 seconds.
  path: Assets/Polygonal Particles/Assets/Prefabs/Environment/DesertDust_Mobile.prefab
  artifactKey: Guid(894cbfa5bb89e114f904378872a5f9b7) Importer(815301076,1909f56bfc062723c751e8b465ee728b)
Start importing Assets/Polygonal Particles/Assets/Prefabs/Environment/DesertDust_Mobile.prefab using Guid(894cbfa5bb89e114f904378872a5f9b7) Importer(815301076,1909f56bfc062723c751e8b465ee728b)  -> (artifact id: '463cd95e4ac146d15e5a6391e0e064f6') in 0.016383 seconds
Number of updated asset objects reloaded before import = 0
Number of asset objects unloaded after import = 8
========================================================================
Received Import Request.
  Time since last request: 0.000026 seconds.
  path: Assets/Polygonal Particles/Assets/Prefabs/Environment/DustWithLeaves_HighPerformance.prefab
  artifactKey: Guid(74cd8b00c1dc6fd40a936b690d14727f) Importer(815301076,1909f56bfc062723c751e8b465ee728b)
Start importing Assets/Polygonal Particles/Assets/Prefabs/Environment/DustWithLeaves_HighPerformance.prefab using Guid(74cd8b00c1dc6fd40a936b690d14727f) Importer(815301076,1909f56bfc062723c751e8b465ee728b)  -> (artifact id: 'eac730026720c333aa357b2f72b0c484') in 0.014982 seconds
Number of updated asset objects reloaded before import = 0
Number of asset objects unloaded after import = 14
========================================================================
Received Import Request.
  Time since last request: 0.000020 seconds.
  path: Assets/Polygonal Particles/Assets/Prefabs/Environment/Fireflies_HighPerformance.prefab
  artifactKey: Guid(c74135ed198083f4fb4d515df70d0bd9) Importer(815301076,1909f56bfc062723c751e8b465ee728b)
Start importing Assets/Polygonal Particles/Assets/Prefabs/Environment/Fireflies_HighPerformance.prefab using Guid(c74135ed198083f4fb4d515df70d0bd9) Importer(815301076,1909f56bfc062723c751e8b465ee728b)  -> (artifact id: 'c6b3c00d439eed74489fb5439ded8491') in 0.016193 seconds
Number of updated asset objects reloaded before import = 0
Number of asset objects unloaded after import = 8
========================================================================
Received Import Request.
  Time since last request: 12.056868 seconds.
  path: Assets/Polygonal Particles/Assets/Prefabs/Smoke/Smoke01_Mobile.prefab
  artifactKey: Guid(a9ec2e096ed1d1a4f88e2946690fd145) Importer(815301076,1909f56bfc062723c751e8b465ee728b)
Start importing Assets/Polygonal Particles/Assets/Prefabs/Smoke/Smoke01_Mobile.prefab using Guid(a9ec2e096ed1d1a4f88e2946690fd145) Importer(815301076,1909f56bfc062723c751e8b465ee728b)  -> (artifact id: 'f1383b2f8f9ceebbfd5cb710d1d1bd04') in 0.020803 seconds
Number of updated asset objects reloaded before import = 0
Number of asset objects unloaded after import = 8
========================================================================
Received Import Request.
  Time since last request: 0.000015 seconds.
  path: Assets/Polygonal Particles/Assets/Prefabs/Smoke/Smoke02_Mobile.prefab
  artifactKey: Guid(6947386f28412544e9fcad17184a5b9e) Importer(815301076,1909f56bfc062723c751e8b465ee728b)
Start importing Assets/Polygonal Particles/Assets/Prefabs/Smoke/Smoke02_Mobile.prefab using Guid(6947386f28412544e9fcad17184a5b9e) Importer(815301076,1909f56bfc062723c751e8b465ee728b)  -> (artifact id: 'fded9346ce2d40296234a35391bbe42c') in 0.065342 seconds
Number of updated asset objects reloaded before import = 0
Number of asset objects unloaded after import = 9
========================================================================
Received Prepare
Begin MonoManager ReloadAssembly
- Loaded All Assemblies, in  0.604 seconds
Refreshing native plugins compatible for Editor in 10.15 ms, found 3 plugins.
Native extension for WindowsStandalone target not found
Native extension for WebGL target not found
[Package Manager] Server::EnsureServerProcessIsRunning -- launch failed, reason: Unity was launched with the -noUpm command-line argument
[Package Manager] UpmClient::Send -- Unable to send message (not connected to UPM process).
[Package Manager] Cannot connect to Unity Package Manager local server
Mono: successfully reloaded assembly
- Finished resetting the current domain, in  1.423 seconds
Domain Reload Profiling: 2022ms
	BeginReloadAssembly (155ms)
		ExecutionOrderSort (0ms)
		DisableScriptedObjects (5ms)
		BackupInstance (0ms)
		ReleaseScriptingObjects (0ms)
		CreateAndSetChildDomain (31ms)
	RebuildCommonClasses (48ms)
	RebuildNativeTypeToScriptingClass (14ms)
	initialDomainReloadingComplete (41ms)
	LoadAllAssembliesAndSetupDomain (341ms)
		LoadAssemblies (398ms)
		RebuildTransferFunctionScriptingTraits (0ms)
		AnalyzeDomain (26ms)
			TypeCache.Refresh (14ms)
				TypeCache.ScanAssembly (0ms)
			ScanForSourceGeneratedMonoScriptInfo (0ms)
			ResolveRequiredComponents (11ms)
	FinalizeReload (1423ms)
		ReleaseScriptCaches (0ms)
		RebuildScriptCaches (0ms)
		SetupLoadedEditorAssemblies (626ms)
			LogAssemblyErrors (0ms)
			InitializePlatformSupportModulesInManaged (19ms)
			SetLoadedEditorAssemblies (4ms)
			RefreshPlugins (0ms)
			BeforeProcessingInitializeOnLoad (100ms)
			ProcessInitializeOnLoadAttributes (449ms)
			ProcessInitializeOnLoadMethodAttributes (39ms)
			AfterProcessingInitializeOnLoad (13ms)
			EditorAssembliesLoaded (0ms)
		ExecutionOrderSort2 (0ms)
		AwakeInstancesAfterBackupRestoration (11ms)
Refreshing native plugins compatible for Editor in 4.84 ms, found 3 plugins.
Preloading 0 native plugins for Editor in 0.00 ms.
Unloading 3073 Unused Serialized files (Serialized files now loaded: 0)
Unloading 22 unused Assets / (30.5 KB). Loaded Objects now: 3595.
Memory consumption went from 118.8 MB to 118.7 MB.
Total: 3.292700 ms (FindLiveObjects: 0.398000 ms CreateObjectMapping: 0.131200 ms MarkObjects: 2.717600 ms  DeleteObjects: 0.044100 ms)

Prepare: number of updated asset objects reloaded= 0
AssetImportParameters requested are different than current active one (requested -> active):
  custom:container-demuxer-ogg: 62fdf1f143b41e24485cea50d1cbac27 -> 
  custom:video-decoder-ogg-theora: a1e56fd34408186e4bbccfd4996cb3dc -> 
  custom:framework-win-MediaFoundation: 216162199b28c13a410421893ffa2e32 -> 
  custom:CustomObjectIndexerAttribute: 756ad292c208cfabdd7b50bc23989ffe -> 
  custom:container-demuxer-webm: 4f35f7cbe854078d1ac9338744f61a02 -> 
  custom:container-muxer-webm: aa71ff27fc2769a1b78a27578f13a17b -> 
  custom:video-decoder-webm-vp8: 9c59270c3fd7afecdb556c50c9e8de78 -> 
  custom:SearchIndexIgnoredProperties: e643bd26f0fe6173181afceb89e7c659 -> 
  custom:AudioImporter_EditorPlatform: d09bf68614088b80899f8185d706f6e7 -> 
  custom:video-encoder-webm-vp8: eb34c28f22e8b96e1ab97ce403110664 -> 
  custom:audio-decoder-ogg-vorbis: bf7c407c2cedff20999df2af8eb42d56 -> 
  custom:audio-encoder-webm-vorbis: bf7c407c2cedff20999df2af8eb42d56 -> 
Editor requested this worker to shutdown with reason: Scaling down because of idle timeout
TcpMessagingSession - receive error: operation aborted. errorcode: 995, details: The I/O operation has been aborted because of either a thread exit or an application request.
AssetImportWorker is now disconnected from the server
Process exiting
Exiting without the bug reporter. Application will terminate with return code 0